[debug] [2021-09-13T04:14:48.862Z] ----------------------------------------------------------------------
[debug] [2021-09-13T04:14:48.865Z] Command:       C:\Program Files\nodejs\node.exe C:\Users\anany\AppData\Roaming\npm\node_modules\firebase-tools\lib\bin\firebase.js init
[debug] [2021-09-13T04:14:48.866Z] CLI Version:   9.18.0
[debug] [2021-09-13T04:14:48.866Z] Platform:      win32
[debug] [2021-09-13T04:14:48.866Z] Node Version:  v14.16.0
[debug] [2021-09-13T04:14:48.868Z] Time:          Mon Sep 13 2021 09:44:48 GMT+0530 (India Standard Time)
[debug] [2021-09-13T04:14:48.868Z] ----------------------------------------------------------------------
[debug] 
[debug] [2021-09-13T04:14:48.930Z] > command requires scopes: ["email","openid","https://www.googleapis.com/auth/cloudplatformprojects.readonly","https://www.googleapis.com/auth/firebase","https://www.googleapis.com/auth/cloud-platform"]
[debug] [2021-09-13T04:14:48.930Z] > authorizing via signed-in user (ananygupta@gmail.com)
[info] 
     ######## #### ########  ######## ########     ###     ######  ########
     ##        ##  ##     ## ##       ##     ##  ##   ##  ##       ##
     ######    ##  ########  ######   ########  #########  ######  ######
     ##        ##  ##    ##  ##       ##     ## ##     ##       ## ##
     ##       #### ##     ## ######## ########  ##     ##  ######  ########

You're about to initialize a Firebase project in this directory:

  C:\Users\anany\OneDrive\Desktop\clg\InstaReels

Before we get started, keep in mind:

  * You are initializing within an existing Firebase project directory

